2018-07-03 16:06:47.747  INFO 14268 --- [main] com.yaz.service.KampanyaServiceServer    : No active profile set, falling back to default profiles: default
2018-07-03 16:06:47.764  INFO 14268 --- [main] ConfigServletWebServerApplicationContext : Refreshing org.springframework.boot.web.servlet.context.AnnotationConfigServletWebServerApplicationContext@5f2f306: startup date [Tue Jul 03 16:06:47 EET 2018]; parent: org.springframework.context.annotation.AnnotationConfigApplicationContext@2a6c2609
2018-07-03 16:06:48.669  INFO 14268 --- [main] o.s.cloud.context.scope.GenericScope     : BeanFactory id=85bfcb25-eac5-3387-be7c-dc1d38ab37fa
2018-07-03 16:06:48.687  INFO 14268 --- [main] f.a.AutowiredAnnotationBeanPostProcessor : JSR-330 'javax.inject.Inject' annotation found and supported for autowiring
2018-07-03 16:06:48.755  INFO 14268 --- [main] trationDelegate$BeanPostProcessorChecker : Bean 'org.springframework.cloud.autoconfigure.ConfigurationPropertiesRebinderAutoConfiguration' of type [org.springframework.cloud.autoconfigure.ConfigurationPropertiesRebinderAutoConfiguration$$EnhancerBySpringCGLIB$$b28ce13e] is not eligible for getting processed by all BeanPostProcessors (for example: not eligible for auto-proxying)
2018-07-03 16:06:49.148  INFO 14268 --- [main] o.s.b.w.embedded.tomcat.TomcatWebServer  : Tomcat initialized with port(s): 8098 (http)
2018-07-03 16:06:49.182  INFO 14268 --- [main] o.apache.catalina.core.StandardService   : Starting service [Tomcat]
2018-07-03 16:06:49.182  INFO 14268 --- [main] org.apache.catalina.core.StandardEngine  : Starting Servlet Engine: Apache Tomcat/8.5.31
2018-07-03 16:06:49.196  INFO 14268 --- [localhost-startStop-1] o.a.catalina.core.AprLifecycleListener   : The APR based Apache Tomcat Native library which allows optimal performance in production environments was not found on the java.library.path: [D:\DOWNLOADS\jdk\bin;C:\WINDOWS\Sun\Java\bin;C:\WINDOWS\system32;C:\WINDOWS;D:/DOWNLOADS/jdk/bin/server;D:/DOWNLOADS/jdk/bin;D:/DOWNLOADS/jdk/lib/amd64;C:\Program Files (x86)\Common Files\Oracle\Java\javapath;C:\ProgramData\Oracle\Java\javapath;C:\Windows\system32;C:\Windows;C:\Windows\System32\Wbem;C:\Windows\System32\WindowsPowerShell\v1.0\;C:\Program Files (x86)\NVIDIA Corporation\PhysX\Common;C:\Program Files (x86)\Windows Kits\10\Windows Performance Toolkit\;C:\WINDOWS\system32;C:\WINDOWS;C:\WINDOWS\System32\Wbem;C:\WINDOWS\System32\WindowsPowerShell\v1.0\;D:\Code_Blocks\GCC\bin;D:\Downloads\Setups\Putty\;D:\Matlab\bin;C:\WINDOWS\System32\OpenSSH\;C:\ProgramData\chocolatey\bin;C:\Program Files (x86)\MySQL\MySQL Utilities 1.6\;C:\Users\Alptekin\AppData\Local\Microsoft\WindowsApps;;D:\DOWNLOADS\eclipse\eclipse;;.]
2018-07-03 16:06:49.397  INFO 14268 --- [localhost-startStop-1] o.a.c.c.C.[Tomcat].[localhost].[/]       : Initializing Spring embedded WebApplicationContext
2018-07-03 16:06:49.398  INFO 14268 --- [localhost-startStop-1] o.s.web.context.ContextLoader            : Root WebApplicationContext: initialization completed in 1634 ms
2018-07-03 16:06:49.640  WARN 14268 --- [localhost-startStop-1] c.n.c.sources.URLConfigurationSource     : No URLs will be polled as dynamic configuration sources.
2018-07-03 16:06:49.641  INFO 14268 --- [localhost-startStop-1] c.n.c.sources.URLConfigurationSource     : To enable URLs as dynamic configuration sources, define System property archaius.configurationSource.additionalUrls or make config.properties available on classpath.
2018-07-03 16:06:49.655  INFO 14268 --- [localhost-startStop-1] c.netflix.config.DynamicPropertyFactory  : DynamicPropertyFactory is initialized with configuration sources: com.netflix.config.ConcurrentCompositeConfiguration@7d56bf73
2018-07-03 16:06:50.701  INFO 14268 --- [localhost-startStop-1] o.s.b.w.servlet.ServletRegistrationBean  : Servlet dispatcherServlet mapped to [/]
2018-07-03 16:06:50.706  INFO 14268 --- [localhost-startStop-1] o.s.b.w.servlet.FilterRegistrationBean   : Mapping filter: 'characterEncodingFilter' to: [/*]
2018-07-03 16:06:50.706  INFO 14268 --- [localhost-startStop-1] o.s.b.w.servlet.FilterRegistrationBean   : Mapping filter: 'hiddenHttpMethodFilter' to: [/*]
2018-07-03 16:06:50.706  INFO 14268 --- [localhost-startStop-1] o.s.b.w.servlet.FilterRegistrationBean   : Mapping filter: 'httpPutFormContentFilter' to: [/*]
2018-07-03 16:06:50.707  INFO 14268 --- [localhost-startStop-1] o.s.b.w.servlet.FilterRegistrationBean   : Mapping filter: 'requestContextFilter' to: [/*]
2018-07-03 16:06:50.707  INFO 14268 --- [localhost-startStop-1] o.s.b.w.servlet.FilterRegistrationBean   : Mapping filter: 'httpTraceFilter' to: [/*]
2018-07-03 16:06:50.707  INFO 14268 --- [localhost-startStop-1] o.s.b.w.servlet.FilterRegistrationBean   : Mapping filter: 'webMvcMetricsFilter' to: [/*]
2018-07-03 16:06:50.764  WARN 14268 --- [main] c.n.c.sources.URLConfigurationSource     : No URLs will be polled as dynamic configuration sources.
2018-07-03 16:06:50.764  INFO 14268 --- [main] c.n.c.sources.URLConfigurationSource     : To enable URLs as dynamic configuration sources, define System property archaius.configurationSource.additionalUrls or make config.properties available on classpath.
2018-07-03 16:06:50.852  INFO 14268 --- [main] o.s.w.s.handler.SimpleUrlHandlerMapping  : Mapped URL path [/**/favicon.ico] onto handler of type [class org.springframework.web.servlet.resource.ResourceHttpRequestHandler]
2018-07-03 16:06:51.082  INFO 14268 --- [main] s.w.s.m.m.a.RequestMappingHandlerAdapter : Looking for @ControllerAdvice: org.springframework.boot.web.servlet.context.AnnotationConfigServletWebServerApplicationContext@5f2f306: startup date [Tue Jul 03 16:06:47 EET 2018]; parent: org.springframework.context.annotation.AnnotationConfigApplicationContext@2a6c2609
2018-07-03 16:06:51.157  INFO 14268 --- [main] s.w.s.m.m.a.RequestMappingHandlerMapping : Mapped "{[/error]}" onto public org.springframework.http.ResponseEntity<java.util.Map<java.lang.String, java.lang.Object>> org.springframework.boot.autoconfigure.web.servlet.error.BasicErrorController.error(javax.servlet.http.HttpServletRequest)
2018-07-03 16:06:51.159  INFO 14268 --- [main] s.w.s.m.m.a.RequestMappingHandlerMapping : Mapped "{[/error],produces=[text/html]}" onto public org.springframework.web.servlet.ModelAndView org.springframework.boot.autoconfigure.web.servlet.error.BasicErrorController.errorHtml(javax.servlet.http.HttpServletRequest,javax.servlet.http.HttpServletResponse)
2018-07-03 16:06:51.185  INFO 14268 --- [main] o.s.w.s.handler.SimpleUrlHandlerMapping  : Mapped URL path [/webjars/**] onto handler of type [class org.springframework.web.servlet.resource.ResourceHttpRequestHandler]
2018-07-03 16:06:51.186  INFO 14268 --- [main] o.s.w.s.handler.SimpleUrlHandlerMapping  : Mapped URL path [/**] onto handler of type [class org.springframework.web.servlet.resource.ResourceHttpRequestHandler]
2018-07-03 16:06:51.746  INFO 14268 --- [main] o.s.b.a.e.web.EndpointLinksResolver      : Exposing 2 endpoint(s) beneath base path '/actuator'
2018-07-03 16:06:51.757  INFO 14268 --- [main] s.b.a.e.w.s.WebMvcEndpointHandlerMapping : Mapped "{[/actuator/health],methods=[GET],produces=[application/vnd.spring-boot.actuator.v2+json || application/json]}" onto public java.lang.Object org.springframework.boot.actuate.endpoint.web.servlet.AbstractWebMvcEndpointHandlerMapping$OperationHandler.handle(javax.servlet.http.HttpServletRequest,java.util.Map<java.lang.String, java.lang.String>)
2018-07-03 16:06:51.758  INFO 14268 --- [main] s.b.a.e.w.s.WebMvcEndpointHandlerMapping : Mapped "{[/actuator/info],methods=[GET],produces=[application/vnd.spring-boot.actuator.v2+json || application/json]}" onto public java.lang.Object org.springframework.boot.actuate.endpoint.web.servlet.AbstractWebMvcEndpointHandlerMapping$OperationHandler.handle(javax.servlet.http.HttpServletRequest,java.util.Map<java.lang.String, java.lang.String>)
2018-07-03 16:06:51.759  INFO 14268 --- [main] s.b.a.e.w.s.WebMvcEndpointHandlerMapping : Mapped "{[/actuator],methods=[GET],produces=[application/vnd.spring-boot.actuator.v2+json || application/json]}" onto protected java.util.Map<java.lang.String, java.util.Map<java.lang.String, org.springframework.boot.actuate.endpoint.web.Link>> org.springframework.boot.actuate.endpoint.web.servlet.WebMvcEndpointHandlerMapping.links(javax.servlet.http.HttpServletRequest,javax.servlet.http.HttpServletResponse)
2018-07-03 16:06:51.818  INFO 14268 --- [main] o.s.j.e.a.AnnotationMBeanExporter        : Registering beans for JMX exposure on startup
2018-07-03 16:06:51.827  INFO 14268 --- [main] o.s.j.e.a.AnnotationMBeanExporter        : Bean with name 'environmentManager' has been autodetected for JMX exposure
2018-07-03 16:06:51.829  INFO 14268 --- [main] o.s.j.e.a.AnnotationMBeanExporter        : Bean with name 'refreshScope' has been autodetected for JMX exposure
2018-07-03 16:06:51.830  INFO 14268 --- [main] o.s.j.e.a.AnnotationMBeanExporter        : Bean with name 'configurationPropertiesRebinder' has been autodetected for JMX exposure
2018-07-03 16:06:51.833  INFO 14268 --- [main] o.s.j.e.a.AnnotationMBeanExporter        : Located managed bean 'environmentManager': registering with JMX server as MBean [org.springframework.cloud.context.environment:name=environmentManager,type=EnvironmentManager]
2018-07-03 16:06:51.842  INFO 14268 --- [main] o.s.j.e.a.AnnotationMBeanExporter        : Located managed bean 'refreshScope': registering with JMX server as MBean [org.springframework.cloud.context.scope.refresh:name=refreshScope,type=RefreshScope]
2018-07-03 16:06:51.852  INFO 14268 --- [main] o.s.j.e.a.AnnotationMBeanExporter        : Located managed bean 'configurationPropertiesRebinder': registering with JMX server as MBean [org.springframework.cloud.context.properties:name=configurationPropertiesRebinder,context=5f2f306,type=ConfigurationPropertiesRebinder]
2018-07-03 16:06:51.864  INFO 14268 --- [main] o.s.c.support.DefaultLifecycleProcessor  : Starting beans in phase 0
2018-07-03 16:06:51.872  INFO 14268 --- [main] o.s.c.n.eureka.InstanceInfoFactory       : Setting initial instance status as: STARTING
2018-07-03 16:06:51.916  INFO 14268 --- [main] com.netflix.discovery.DiscoveryClient    : Initializing Eureka in region us-east-1
2018-07-03 16:06:52.257  INFO 14268 --- [main] c.n.d.provider.DiscoveryJerseyProvider   : Using JSON encoding codec LegacyJacksonJson
2018-07-03 16:06:52.258  INFO 14268 --- [main] c.n.d.provider.DiscoveryJerseyProvider   : Using JSON decoding codec LegacyJacksonJson
2018-07-03 16:06:52.621  INFO 14268 --- [main] c.n.d.provider.DiscoveryJerseyProvider   : Using XML encoding codec XStreamXml
2018-07-03 16:06:52.621  INFO 14268 --- [main] c.n.d.provider.DiscoveryJerseyProvider   : Using XML decoding codec XStreamXml
2018-07-03 16:06:52.800  INFO 14268 --- [main] c.n.d.s.r.aws.ConfigClusterResolver      : Resolving eureka endpoints via configuration
2018-07-03 16:06:52.916  INFO 14268 --- [main] com.netflix.discovery.DiscoveryClient    : Disable delta property : false
2018-07-03 16:06:52.916  INFO 14268 --- [main] com.netflix.discovery.DiscoveryClient    : Single vip registry refresh property : null
2018-07-03 16:06:52.916  INFO 14268 --- [main] com.netflix.discovery.DiscoveryClient    : Force full registry fetch : false
2018-07-03 16:06:52.916  INFO 14268 --- [main] com.netflix.discovery.DiscoveryClient    : Application is null : false
2018-07-03 16:06:52.916  INFO 14268 --- [main] com.netflix.discovery.DiscoveryClient    : Registered Applications size is zero : true
2018-07-03 16:06:52.916  INFO 14268 --- [main] com.netflix.discovery.DiscoveryClient    : Application version is -1: true
2018-07-03 16:06:52.916  INFO 14268 --- [main] com.netflix.discovery.DiscoveryClient    : Getting all instance registry info from the eureka server
2018-07-03 16:06:53.124  INFO 14268 --- [main] com.netflix.discovery.DiscoveryClient    : The response status is 200
2018-07-03 16:06:53.127  INFO 14268 --- [main] com.netflix.discovery.DiscoveryClient    : Starting heartbeat executor: renew interval is: 30
2018-07-03 16:06:53.129  INFO 14268 --- [main] c.n.discovery.InstanceInfoReplicator     : InstanceInfoReplicator onDemand update allowed rate per min is 4
2018-07-03 16:06:53.133  INFO 14268 --- [main] com.netflix.discovery.DiscoveryClient    : Discovery Client initialized at timestamp 1530623213132 with initial instances count: 1
2018-07-03 16:06:53.136  INFO 14268 --- [main] o.s.c.n.e.s.EurekaServiceRegistry        : Registering application kampanyalar-service with eureka with status UP
2018-07-03 16:06:53.136  INFO 14268 --- [main] com.netflix.discovery.DiscoveryClient    : Saw local status change event StatusChangeEvent [timestamp=1530623213136, current=UP, previous=STARTING]
2018-07-03 16:06:53.138  INFO 14268 --- [DiscoveryClient-InstanceInfoReplicator-0] com.netflix.discovery.DiscoveryClient    : DiscoveryClient_KAMPANYALAR-SERVICE/DESKTOP-MQDF91L:kampanyalar-service:8098: registering service...
2018-07-03 16:06:53.178  INFO 14268 --- [DiscoveryClient-InstanceInfoReplicator-0] com.netflix.discovery.DiscoveryClient    : DiscoveryClient_KAMPANYALAR-SERVICE/DESKTOP-MQDF91L:kampanyalar-service:8098 - registration status: 204
2018-07-03 16:06:53.188  INFO 14268 --- [main] o.s.b.w.embedded.tomcat.TomcatWebServer  : Tomcat started on port(s): 8098 (http) with context path ''
2018-07-03 16:06:53.190  INFO 14268 --- [main] .s.c.n.e.s.EurekaAutoServiceRegistration : Updating port to 8098
2018-07-03 16:06:53.193  INFO 14268 --- [main] com.yaz.service.KampanyaServiceServer    : Started KampanyaServiceServer in 6.688 seconds (JVM running for 11.722)
